<?xml version="1.0" encoding="UTF-8"?>
<!-- Generated by org.testng.reporters.JUnitReportReporter -->
<testsuite hostname="FT-D-WTC-0034" failures="0" tests="8" name="com.testscript.generator.tests.ExcelDrivenTest" time="13.169" errors="0" timestamp="2025-06-24T13:53:30 IST" skipped="0">
  <testcase classname="com.testscript.generator.tests.ExcelDrivenTest" name="runTestCase" time="0.944"/>
  <testcase classname="com.testscript.generator.tests.ExcelDrivenTest" name="runTestCase" time="5.935"/>
  <testcase classname="com.testscript.generator.tests.ExcelDrivenTest" name="runTestCase" time="1.176"/>
  <testcase classname="com.testscript.generator.tests.ExcelDrivenTest" name="runTestCase" time="0.962"/>
  <testcase classname="com.testscript.generator.tests.ExcelDrivenTest" name="runTestCase" time="1.086"/>
  <testcase classname="com.testscript.generator.tests.ExcelDrivenTest" name="runTestCase" time="1.065"/>
  <testcase classname="com.testscript.generator.tests.ExcelDrivenTest" name="runTestCase" time="0.926"/>
  <testcase classname="com.testscript.generator.tests.ExcelDrivenTest" name="runTestCase" time="1.075"/>
</testsuite> <!-- com.testscript.generator.tests.ExcelDrivenTest -->
